<?xml version="1.0" encoding="UTF-8"?>
<!-- Generated by org.testng.reporters.JUnitXMLReporter -->
<testsuite hostname="Govardhan-PC" ignored="3" name="Default test" tests="1" failures="0" timestamp="23 Sep 2019 02:25:39 GMT" time="0.128" errors="0">
  <testcase name="test1" time="0.019" classname="Model.PageObject.HomePageTestScripts"/>
  <testcase name="test" time="0.0" classname="Model.PageObject.HomePageTestScripts">
    <ignored/>
  </testcase> <!-- test -->
  <testcase name="run" time="0.0" classname="Model.PageObject.HomePageTestScripts">
    <ignored/>
  </testcase> <!-- run -->
  <testcase name="practice" time="0.0" classname="Model.PageObject.HomePageTestScripts">
    <ignored/>
  </testcase> <!-- practice -->
</testsuite> <!-- Default test -->
