<?xml version="1.0" encoding="UTF-8"?>
<testng-results skipped="0" failed="0" ignored="3" total="4" passed="1">
  <reporter-output>
  </reporter-output>
  <suite name="Default suite" duration-ms="128" started-at="2019-09-23T02:25:39Z" finished-at="2019-09-23T02:25:39Z">
    <groups>
    </groups>
    <test name="Default test" duration-ms="128" started-at="2019-09-23T02:25:39Z" finished-at="2019-09-23T02:25:39Z">
      <class name="Model.PageObject.HomePageTestScripts">
        <test-method status="PASS" signature="intialiseDriver()[pri:0, instance:Model.PageObject.HomePageTestScripts@4c70fda8]" name="intialiseDriver" is-config="true" duration-ms="39" started-at="2019-09-23T02:25:39Z" finished-at="2019-09-23T02:25:39Z">
          <reporter-output>
          </reporter-output>
        </test-method> <!-- intialiseDriver -->
        <test-method status="PASS" signature="test1()[pri:0, instance:Model.PageObject.HomePageTestScripts@4c70fda8]" name="test1" duration-ms="19" started-at="2019-09-23T02:25:39Z" finished-at="2019-09-23T02:25:39Z">
          <reporter-output>
          </reporter-output>
        </test-method> <!-- test1 -->
        <test-method status="PASS" signature="tearDown()[pri:0, instance:Model.PageObject.HomePageTestScripts@4c70fda8]" name="tearDown" is-config="true" duration-ms="2" started-at="2019-09-23T02:25:39Z" finished-at="2019-09-23T02:25:39Z">
          <reporter-output>
          </reporter-output>
        </test-method> <!-- tearDown -->
      </class> <!-- Model.PageObject.HomePageTestScripts -->
    </test> <!-- Default test -->
  </suite> <!-- Default suite -->
</testng-results>
