<?xml version="1.0" encoding="UTF-8"?>
<!-- Generated by org.testng.reporters.JUnitXMLReporter -->
<testsuite hostname="Govardhan-PC" ignored="4" name="sampleTest" tests="2" failures="0" timestamp="06 Oct 2019 02:47:56 GMT" time="46.108" errors="0">
  <testcase name="runner" time="0.022" classname="Model.PageObject.HomePageTestScripts"/>
  <testcase name="runner" time="0.018" classname="Model.PageObject.HomePageTestScripts"/>
  <testcase name="asset" time="0.0" classname="Model.PageObject.HomePageTestScripts">
    <ignored/>
  </testcase> <!-- asset -->
  <testcase name="cbc" time="0.0" classname="Model.PageObject.HomePageTestScripts">
    <ignored/>
  </testcase> <!-- cbc -->
  <testcase name="bbc" time="0.0" classname="Model.PageObject.HomePageTestScripts">
    <ignored/>
  </testcase> <!-- bbc -->
  <testcase name="ccc" time="0.0" classname="Model.PageObject.HomePageTestScripts">
    <ignored/>
  </testcase> <!-- ccc -->
</testsuite> <!-- sampleTest -->
